<?xml version="1.0" encoding="UTF-8"?>
<!-- Generated by org.testng.reporters.JUnitReportReporter -->
<testsuite hostname="DESKTOP-A62HQ47" failures="0" tests="1" name="Sdet.demo2Test" time="0.014" errors="0" timestamp="2021-12-10T17:58:47 IST" skipped="0">
  <testcase classname="Sdet.demo2Test" name="add" time="0.014"/>
  <system-out/>
</testsuite> <!-- Sdet.demo2Test -->
