<?xml version="1.0" encoding="UTF-8"?>
<!-- Generated by org.testng.reporters.JUnitReportReporter -->
<testsuite hostname="DESKTOP-A62HQ47" failures="0" tests="1" name="Sdet.ReadDataTest" time="0.014" errors="0" timestamp="2021-12-11T07:58:07 IST" skipped="0">
  <testcase classname="Sdet.ReadDataTest" name="read" time="0.014"/>
  <system-out/>
</testsuite> <!-- Sdet.ReadDataTest -->
